<?xml version="1.0" encoding="UTF-8"?>
<!-- Generated by org.testng.reporters.JUnitXMLReporter -->
<testsuite ignored="0" hostname="HP" failures="0" tests="1" name="Command line test" time="0.134" errors="0" timestamp="2022-03-02T22:35:11 IST">
  <testcase classname="com.keywordframework1.tests.BaseFramework" name="@BeforeMethod setup" time="-1.646240710965E9">
    <failure type="org.testng.TestNGException" message="
Parameter &amp;apos;browserName&amp;apos; is required by BeforeMethod on method setup but has not been marked @Optional or defined
">
      <![CDATA[org.testng.TestNGException: 
Parameter 'browserName' is required by BeforeMethod on method setup but has not been marked @Optional or defined

at java.base/java.util.ArrayList.forEach(ArrayList.java:1511)
... Removed 37 stack frames]]>
    </failure>
  </testcase> <!-- @BeforeMethod setup -->
  <testcase classname="com.keywordframework1.tests.BaseFramework" name="@AfterMethod tearDown" time="-1.646240711009E9">
    <skipped/>
  </testcase> <!-- @AfterMethod tearDown -->
  <testcase classname="com.keywordframework1.tests.MyntraTest" name="verifyHomePageProfileAgain" time="0.0">
    <skipped/>
  </testcase> <!-- verifyHomePageProfileAgain -->
</testsuite> <!-- Command line test -->
